<?xml version="1.0" encoding="UTF-8"?>
<coverage generated="1712150437294" clover="3.2.0">
  <project timestamp="1712150437294" name="All files">
    <metrics statements="13" coveredstatements="13" conditionals="6" coveredconditionals="5" methods="1" coveredmethods="1" elements="20" coveredelements="19" complexity="0" loc="13" ncloc="13" packages="1" files="1" classes="1"/>
    <file name="luhn.js" path="D:\JS_FirstLesson\ahj-testing\src\js\components\luhn.js">
      <metrics statements="13" coveredstatements="13" conditionals="6" coveredconditionals="5" methods="1" coveredmethods="1"/>
      <line num="2" count="9" type="cond" truecount="1" falsecount="1"/>
      <line num="4" count="9" type="stmt"/>
      <line num="5" count="9" type="stmt"/>
      <line num="6" count="9" type="stmt"/>
      <line num="7" count="9" type="stmt"/>
      <line num="9" count="9" type="stmt"/>
      <line num="10" count="141" type="stmt"/>
      <line num="11" count="141" type="stmt"/>
      <line num="13" count="141" type="cond" truecount="2" falsecount="0"/>
      <line num="14" count="69" type="cond" truecount="2" falsecount="0"/>
      <line num="17" count="141" type="stmt"/>
      <line num="18" count="141" type="stmt"/>
      <line num="21" count="9" type="stmt"/>
    </file>
  </project>
</coverage>
