{"D:\\JS_FirstLesson\\ahj-testing\\src\\js\\components\\luhn.js": {"path":"D:\\JS_FirstLesson\\ahj-testing\\src\\js\\components\\luhn.js","statementMap":{"0":{"start":{"line":2,"column":2},"end":{"line":2,"column":45}},"1":{"start":{"line":2,"column":32},"end":{"line":2,"column":45}},"2":{"start":{"line":4,"column":15},"end":{"line":4,"column":16}},"3":{"start":{"line":5,"column":13},"end":{"line":5,"column":14}},"4":{"start":{"line":6,"column":12},"end":{"line":6,"column":17}},"5":{"start":{"line":7,"column":2},"end":{"line":7,"column":35}},"6":{"start":{"line":9,"column":2},"end":{"line":19,"column":3}},"7":{"start":{"line":9,"column":15},"end":{"line":9,"column":31}},"8":{"start":{"line":10,"column":17},"end":{"line":10,"column":32}},"9":{"start":{"line":11,"column":15},"end":{"line":11,"column":35}},"10":{"start":{"line":13,"column":4},"end":{"line":15,"column":5}},"11":{"start":{"line":14,"column":6},"end":{"line":14,"column":41}},"12":{"start":{"line":14,"column":29},"end":{"line":14,"column":41}},"13":{"start":{"line":17,"column":4},"end":{"line":17,"column":21}},"14":{"start":{"line":18,"column":4},"end":{"line":18,"column":19}},"15":{"start":{"line":21,"column":2},"end":{"line":21,"column":26}}},"fnMap":{"0":{"name":"luhn","decl":{"start":{"line":1,"column":24},"end":{"line":1,"column":28}},"loc":{"start":{"line":1,"column":36},"end":{"line":22,"column":1}},"line":1}},"branchMap":{"0":{"loc":{"start":{"line":2,"column":2},"end":{"line":2,"column":45}},"type":"if","locations":[{"start":{"line":2,"column":2},"end":{"line":2,"column":45}},{"start":{},"end":{}}],"line":2},"1":{"loc":{"start":{"line":13,"column":4},"end":{"line":15,"column":5}},"type":"if","locations":[{"start":{"line":13,"column":4},"end":{"line":15,"column":5}},{"start":{},"end":{}}],"line":13},"2":{"loc":{"start":{"line":14,"column":6},"end":{"line":14,"column":41}},"type":"if","locations":[{"start":{"line":14,"column":6},"end":{"line":14,"column":41}},{"start":{},"end":{}}],"line":14}},"s":{"0":9,"1":0,"2":9,"3":9,"4":9,"5":9,"6":9,"7":9,"8":141,"9":141,"10":141,"11":69,"12":24,"13":141,"14":141,"15":9},"f":{"0":9},"b":{"0":[0,9],"1":[69,72],"2":[24,45]},"_coverageSchema":"1a1c01bbd47fc00a2c39e90264f33305004495a9","hash":"1b9e5768795e0d040c3b3b4e2e03a6880e0f3dab"}
}
